<?xml version="1.0" encoding="UTF-8"?>
<!-- Generated by org.testng.reporters.JUnitReportReporter -->
<testsuite hostname="DESKTOP-A87GBHN" failures="0" tests="1" name="test.Flipkarttest" time="91.295" errors="0" timestamp="2023-06-25T07:31:50 IST" skipped="0">
  <testcase classname="test.Flipkarttest" name="fliptest" time="91.295"/>
  <system-out/>
</testsuite> <!-- test.Flipkarttest -->
