<?xml version="1.0" encoding="UTF-8"?>
<!-- Generated by org.testng.reporters.JUnitReportReporter -->
<testsuite hostname="DESKTOP-A87GBHN" failures="0" tests="1" name="test.Lulutest" time="146.987" errors="0" timestamp="2023-06-30T16:53:17 IST" skipped="0">
  <testcase classname="test.Lulutest" name="fliptest" time="146.987"/>
  <system-out/>
</testsuite> <!-- test.Lulutest -->
